\BOOKMARK [0][-]{chapter*.1}{\376\377\000D\000\351\000d\000i\000c\000a\000c\000e\000s}{}% 1
\BOOKMARK [0][-]{chapter*.2}{\376\377\000R\000e\000m\000e\000r\000c\000i\000e\000m\000e\000n\000t\000s}{}% 2
\BOOKMARK [0][-]{chapter*.3}{\376\377\000R\000\351\000s\000u\000m\000\351}{}% 3
\BOOKMARK [0][-]{chapter*.4}{\376\377\000A\000b\000s\000t\000r\000a\000c\000t}{}% 4
\BOOKMARK [0][-]{chapter*.8}{\376\377\000L\000i\000s\000t\000e\000\040\000d\000e\000s\000\040\000a\000b\000r\000\351\000v\000i\000a\000t\000i\000o\000n\000s}{}% 5
\BOOKMARK [0][-]{chapter*.9}{\376\377\000I\000n\000t\000r\000o\000d\000u\000c\000t\000i\000o\000n\000\040\000G\000\351\000n\000\351\000r\000a\000l\000e}{}% 6
\BOOKMARK [0][-]{chapter.1}{\376\377\000C\000o\000n\000t\000e\000x\000t\000e\000\040\000g\000\351\000n\000\351\000r\000a\000l\000\040\000e\000t\000\040\000p\000r\000\351\000s\000e\000n\000t\000a\000t\000i\000o\000n\000\040\000d\000u\000\040\000p\000r\000o\000j\000e\000t}{}% 7
\BOOKMARK [1][-]{section.1.1}{\376\377\000I\000n\000t\000r\000o\000d\000u\000c\000t\000i\000o\000n}{chapter.1}% 8
\BOOKMARK [1][-]{section.1.2}{\376\377\000P\000r\000\351\000s\000e\000n\000t\000a\000t\000i\000o\000n\000\040\000d\000u\000\040\000p\000r\000o\000j\000e\000t\000\040\000e\000t\000\040\000\351\000t\000u\000d\000e\000\040\000d\000e\000\040\000l\000'\000e\000x\000i\000s\000t\000a\000n\000t}{chapter.1}% 9
\BOOKMARK [2][-]{subsection.1.2.1}{\376\377\000L\000e\000\040\000r\000e\000c\000r\000u\000t\000e\000m\000e\000n\000t\000\040\000d\000i\000g\000i\000t\000a\000l\000\040\000a\000u\000\040\000M\000a\000r\000o\000c\000\040\000:\000\040\000E\000n\000j\000e\000u\000x\000\040\000e\000t\000\040\000D\000\351\000f\000i\000s}{section.1.2}% 10
\BOOKMARK [2][-]{subsection.1.2.2}{\376\377\000\311\000t\000u\000d\000e\000\040\000c\000o\000m\000p\000a\000r\000a\000t\000i\000v\000e\000\040\000d\000e\000s\000\040\000s\000o\000l\000u\000t\000i\000o\000n\000s\000\040\000e\000x\000i\000s\000t\000a\000n\000t\000e\000s}{section.1.2}% 11
\BOOKMARK [2][-]{subsection.1.2.3}{\376\377\000C\000r\000i\000t\000i\000q\000u\000e\000\040\000d\000e\000\040\000l\000'\000e\000x\000i\000s\000t\000a\000n\000t}{section.1.2}% 12
\BOOKMARK [1][-]{section.1.3}{\376\377\000L\000a\000\040\000s\000o\000l\000u\000t\000i\000o\000n\000\040\000p\000r\000o\000p\000o\000s\000\351\000e\000\040\000:\000\040\000M\000a\000n\000a\000g\000e\000r\000a\000H\000u\000b}{chapter.1}% 13
\BOOKMARK [1][-]{section.1.4}{\376\377\000S\000p\000\351\000c\000i\000f\000i\000c\000a\000t\000i\000o\000n\000\040\000f\000o\000r\000m\000e\000l\000l\000e\000\040\000d\000e\000s\000\040\000b\000e\000s\000o\000i\000n\000s\000\040\000e\000t\000\040\000M\000o\000d\000\351\000l\000i\000s\000a\000t\000i\000o\000n}{chapter.1}% 14
\BOOKMARK [2][-]{subsection.1.4.1}{\376\377\000B\000e\000s\000o\000i\000n\000s\000\040\000f\000o\000n\000c\000t\000i\000o\000n\000n\000e\000l\000s\000\040\000\050\000B\000F\000\051}{section.1.4}% 15
\BOOKMARK [2][-]{subsection.1.4.2}{\376\377\000B\000e\000s\000o\000i\000n\000s\000\040\000n\000o\000n\000-\000f\000o\000n\000c\000t\000i\000o\000n\000n\000e\000l\000s\000\040\000\050\000B\000N\000F\000\051}{section.1.4}% 16
\BOOKMARK [2][-]{subsection.1.4.3}{\376\377\000D\000i\000a\000g\000r\000a\000m\000m\000e\000s\000\040\000d\000e\000\040\000C\000a\000s\000\040\000d\000'\000U\000t\000i\000l\000i\000s\000a\000t\000i\000o\000n\000\040\000\050\000A\000n\000a\000l\000y\000s\000e\000\051}{section.1.4}% 17
\BOOKMARK [1][-]{section.1.5}{\376\377\000O\000r\000g\000a\000n\000i\000s\000a\000t\000i\000o\000n\000\040\000e\000t\000\040\000p\000l\000a\000n\000i\000f\000i\000c\000a\000t\000i\000o\000n\000\040\000d\000u\000\040\000p\000r\000o\000j\000e\000t}{chapter.1}% 18
\BOOKMARK [2][-]{subsection.1.5.1}{\376\377\000L\000e\000\040\000p\000r\000o\000c\000e\000s\000s\000u\000s\000\040\000d\000e\000\040\000d\000\351\000v\000e\000l\000o\000p\000p\000e\000m\000e\000n\000t\000\040\000:\000\040\0002\000T\000U\000P\000\040\000\050\0002\000\040\000T\000r\000a\000c\000k\000\040\000U\000n\000i\000f\000i\000e\000d\000\040\000P\000r\000o\000c\000e\000s\000s\000\051}{section.1.5}% 19
\BOOKMARK [2][-]{subsection.1.5.2}{\376\377\000P\000l\000a\000n\000i\000f\000i\000c\000a\000t\000i\000o\000n\000\040\000o\000p\000\351\000r\000a\000t\000i\000o\000n\000n\000e\000l\000l\000e\000\040\000e\000t\000\040\000T\000a\000b\000l\000e\000a\000u\000\040\000d\000e\000s\000\040\000t\000\342\000c\000h\000e\000s}{section.1.5}% 20
\BOOKMARK [2][-]{subsection.1.5.3}{\376\377\000M\000o\000d\000\351\000l\000i\000s\000a\000t\000i\000o\000n\000\040\000P\000E\000R\000T\000\040\000e\000t\000\040\000G\000a\000n\000t\000t}{section.1.5}% 21
\BOOKMARK [1][-]{section.1.6}{\376\377\000C\000o\000n\000c\000l\000u\000s\000i\000o\000n}{chapter.1}% 22
\BOOKMARK [0][-]{chapter.2}{\376\377\000A\000n\000a\000l\000y\000s\000e\000\040\000e\000t\000\040\000C\000o\000n\000c\000e\000p\000t\000i\000o\000n}{}% 23
\BOOKMARK [1][-]{section.2.1}{\376\377\000I\000n\000t\000r\000o\000d\000u\000c\000t\000i\000o\000n}{chapter.2}% 24
\BOOKMARK [1][-]{section.2.2}{\376\377\000D\000e\000s\000c\000r\000i\000p\000t\000i\000o\000n\000\040\000d\000e\000s\000\040\000b\000e\000s\000o\000i\000n\000s\000\040\000d\000u\000\040\000s\000y\000s\000t\000\350\000m\000e}{chapter.2}% 25
\BOOKMARK [2][-]{subsection.2.2.1}{\376\377\000B\000e\000s\000o\000i\000n\000s\000\040\000f\000o\000n\000c\000t\000i\000o\000n\000n\000e\000l\000s}{section.2.2}% 26
\BOOKMARK [2][-]{subsection.2.2.2}{\376\377\000B\000e\000s\000o\000i\000n\000s\000\040\000n\000o\000n\000-\000f\000o\000n\000c\000t\000i\000o\000n\000n\000e\000l\000s}{section.2.2}% 27
\BOOKMARK [2][-]{subsection.2.2.3}{\376\377\000O\000u\000t\000i\000l\000s\000\040\000d\000e\000\040\000d\000\351\000v\000e\000l\000o\000p\000p\000e\000m\000e\000n\000t\000\040\000c\000h\000o\000i\000s\000i\000s}{section.2.2}% 28
\BOOKMARK [1][-]{section.2.3}{\376\377\000M\000o\000d\000\351\000l\000i\000s\000a\000t\000i\000o\000n\000\040\000U\000M\000L}{chapter.2}% 29
\BOOKMARK [2][-]{subsection.2.3.1}{\376\377\000D\000i\000a\000g\000r\000a\000m\000m\000e\000\040\000d\000e\000\040\000c\000a\000s\000\040\000d\000'\000u\000t\000i\000l\000i\000s\000a\000t\000i\000o\000n\000\040\000g\000l\000o\000b\000a\000l}{section.2.3}% 30
\BOOKMARK [2][-]{subsection.2.3.2}{\376\377\000D\000i\000a\000g\000r\000a\000m\000m\000e\000\040\000d\000e\000\040\000c\000l\000a\000s\000s\000e\000s\000\040\000t\000e\000c\000h\000n\000i\000q\000u\000e}{section.2.3}% 31
\BOOKMARK [2][-]{subsection.2.3.3}{\376\377\000D\000i\000a\000g\000r\000a\000m\000m\000e\000s\000\040\000d\000e\000\040\000s\000\351\000q\000u\000e\000n\000c\000e}{section.2.3}% 32
\BOOKMARK [2][-]{subsection.2.3.4}{\376\377\000D\000i\000a\000g\000r\000a\000m\000m\000e\000s\000\040\000d\000'\000a\000c\000t\000i\000v\000i\000t\000\351}{section.2.3}% 33
\BOOKMARK [2][-]{subsection.2.3.5}{\376\377\000D\000i\000a\000g\000r\000a\000m\000m\000e\000\040\000d\000e\000\040\000d\000\351\000p\000l\000o\000i\000e\000m\000e\000n\000t}{section.2.3}% 34
\BOOKMARK [1][-]{section.2.4}{\376\377\000C\000o\000n\000c\000e\000p\000t\000i\000o\000n\000\040\000d\000e\000\040\000l\000a\000\040\000b\000a\000s\000e\000\040\000d\000e\000\040\000d\000o\000n\000n\000\351\000e\000s}{chapter.2}% 35
\BOOKMARK [2][-]{subsection.2.4.1}{\376\377\000M\000o\000d\000\350\000l\000e\000\040\000r\000e\000l\000a\000t\000i\000o\000n\000n\000e\000l\000\040\000d\000\351\000t\000a\000i\000l\000l\000\351}{section.2.4}% 36
\BOOKMARK [2][-]{subsection.2.4.2}{\376\377\000C\000o\000n\000t\000r\000a\000i\000n\000t\000e\000s\000\040\000d\000'\000i\000n\000t\000\351\000g\000r\000i\000t\000\351\000\040\000r\000\351\000f\000\351\000r\000e\000n\000t\000i\000e\000l\000l\000e}{section.2.4}% 37
\BOOKMARK [1][-]{section.2.5}{\376\377\000C\000o\000n\000c\000l\000u\000s\000i\000o\000n}{chapter.2}% 38
\BOOKMARK [0][-]{chapter.3}{\376\377\000R\000\351\000a\000l\000i\000s\000a\000t\000i\000o\000n\000\040\000e\000t\000\040\000I\000n\000t\000e\000r\000f\000a\000c\000e\000s}{}% 39
\BOOKMARK [1][-]{section.3.1}{\376\377\000I\000n\000t\000r\000o\000d\000u\000c\000t\000i\000o\000n}{chapter.3}% 40
\BOOKMARK [1][-]{section.3.2}{\376\377\000E\000n\000v\000i\000r\000o\000n\000n\000e\000m\000e\000n\000t\000\040\000d\000e\000\040\000t\000r\000a\000v\000a\000i\000l}{chapter.3}% 41
\BOOKMARK [2][-]{subsection.3.2.1}{\376\377\000E\000n\000v\000i\000r\000o\000n\000n\000e\000m\000e\000n\000t\000\040\000m\000a\000t\000\351\000r\000i\000e\000l}{section.3.2}% 42
\BOOKMARK [2][-]{subsection.3.2.2}{\376\377\000E\000n\000v\000i\000r\000o\000n\000n\000e\000m\000e\000n\000t\000\040\000l\000o\000g\000i\000c\000i\000e\000l\000\040\000\050\000D\000\351\000v\000e\000l\000o\000p\000p\000e\000m\000e\000n\000t\000\051}{section.3.2}% 43
\BOOKMARK [2][-]{subsection.3.2.3}{\376\377\000E\000n\000v\000i\000r\000o\000n\000n\000e\000m\000e\000n\000t\000\040\000d\000e\000\040\000d\000\351\000p\000l\000o\000i\000e\000m\000e\000n\000t\000\040\000c\000l\000o\000u\000d\000\040\000\050\000P\000r\000o\000d\000u\000c\000t\000i\000o\000n\000\051}{section.3.2}% 44
\BOOKMARK [1][-]{section.3.3}{\376\377\000A\000r\000c\000h\000i\000t\000e\000c\000t\000u\000r\000e\000\040\000t\000e\000c\000h\000n\000i\000q\000u\000e\000\040\000d\000u\000\040\000c\000o\000d\000e\000\040\000s\000o\000u\000r\000c\000e}{chapter.3}% 45
\BOOKMARK [2][-]{subsection.3.3.1}{\376\377\000M\000o\000d\000\350\000l\000e\000s\000\040\000\050\000a\000p\000p\0001\000/\000m\000o\000d\000e\000l\000s\000.\000p\000y\000\051}{section.3.3}% 46
\BOOKMARK [2][-]{subsection.3.3.2}{\376\377\000L\000o\000g\000i\000q\000u\000e\000\040\000m\000\351\000t\000i\000e\000r\000\040\000\050\000v\000i\000e\000w\000s\000.\000p\000y\000\051\000\040\000e\000t\000\040\000o\000p\000t\000i\000m\000i\000s\000a\000t\000i\000o\000n\000\040\000d\000e\000s\000\040\000r\000e\000q\000u\000\352\000t\000e\000s\000\040\000B\000D\000D}{section.3.3}% 47
\BOOKMARK [2][-]{subsection.3.3.3}{\376\377\000A\000u\000t\000h\000e\000n\000t\000i\000f\000i\000c\000a\000t\000i\000o\000n\000\040\000S\000o\000c\000i\000a\000l\000e\000\040\000\050\000O\000A\000u\000t\000h\000\040\0002\000.\0000\000\040\000v\000i\000a\000\040\000d\000j\000a\000n\000g\000o\000-\000a\000l\000l\000a\000u\000t\000h\000\051}{section.3.3}% 48
\BOOKMARK [2][-]{subsection.3.3.4}{\376\377\000S\000y\000s\000t\000\350\000m\000e\000\040\000d\000e\000\040\000n\000o\000t\000i\000f\000i\000c\000a\000t\000i\000o\000n\000s\000\040\000p\000a\000r\000\040\000e\000-\000m\000a\000i\000l\000\040\000t\000r\000a\000n\000s\000a\000c\000t\000i\000o\000n\000n\000e\000l\000\040\000\050\000S\000M\000T\000P\000\051}{section.3.3}% 49
\BOOKMARK [1][-]{section.3.4}{\376\377\000P\000r\000\351\000s\000e\000n\000t\000a\000t\000i\000o\000n\000\040\000d\000e\000s\000\040\000i\000n\000t\000e\000r\000f\000a\000c\000e\000s\000\040\000d\000e\000\040\000l\000'\000a\000p\000p\000l\000i\000c\000a\000t\000i\000o\000n}{chapter.3}% 50
\BOOKMARK [2][-]{subsection.3.4.1}{\376\377\000P\000a\000g\000e\000\040\000d\000'\000a\000c\000c\000u\000e\000i\000l\000\040\000e\000t\000\040\000d\000'\000a\000u\000t\000h\000e\000n\000t\000i\000f\000i\000c\000a\000t\000i\000o\000n}{section.3.4}% 51
\BOOKMARK [2][-]{subsection.3.4.2}{\376\377\000E\000s\000p\000a\000c\000e\000\040\000C\000a\000n\000d\000i\000d\000a\000t\000\040\000e\000t\000\040\000T\000a\000b\000l\000e\000a\000u\000x\000\040\000d\000e\000\040\000B\000o\000r\000d}{section.3.4}% 52
\BOOKMARK [2][-]{subsection.3.4.3}{\376\377\000E\000s\000p\000a\000c\000e\000\040\000E\000n\000t\000r\000e\000p\000r\000i\000s\000e\000\040\000e\000t\000\040\000G\000e\000s\000t\000i\000o\000n\000\040\000d\000e\000s\000\040\000O\000f\000f\000r\000e\000s}{section.3.4}% 53
\BOOKMARK [2][-]{subsection.3.4.4}{\376\377\000E\000s\000p\000a\000c\000e\000\040\000d\000'\000A\000d\000m\000i\000n\000i\000s\000t\000r\000a\000t\000i\000o\000n\000\040\000e\000t\000\040\000M\000o\000d\000\351\000r\000a\000t\000i\000o\000n}{section.3.4}% 54
\BOOKMARK [2][-]{subsection.3.4.5}{\376\377\000V\000e\000r\000s\000i\000o\000n\000\040\000M\000o\000b\000i\000l\000e\000\040\000\050\000R\000e\000s\000p\000o\000n\000s\000i\000v\000e\000\040\000D\000e\000s\000i\000g\000n\000\051}{section.3.4}% 55
\BOOKMARK [1][-]{section.3.5}{\376\377\000S\000\351\000c\000u\000r\000i\000t\000\351\000\040\000a\000p\000p\000l\000i\000c\000a\000t\000i\000v\000e\000\040\000m\000i\000s\000e\000\040\000e\000n\000\040\001\123\000u\000v\000r\000e}{chapter.3}% 56
\BOOKMARK [1][-]{section.3.6}{\376\377\000V\000a\000l\000i\000d\000a\000t\000i\000o\000n\000\040\000e\000t\000\040\000T\000e\000s\000t\000s\000\040\000U\000n\000i\000t\000a\000i\000r\000e\000s}{chapter.3}% 57
\BOOKMARK [1][-]{section.3.7}{\376\377\000D\000i\000f\000f\000i\000c\000u\000l\000t\000\351\000s\000\040\000r\000e\000n\000c\000o\000n\000t\000r\000\351\000e\000s\000\040\000e\000t\000\040\000s\000o\000l\000u\000t\000i\000o\000n\000s\000\040\000a\000p\000p\000o\000r\000t\000\351\000e\000s}{chapter.3}% 58
\BOOKMARK [1][-]{section.3.8}{\376\377\000C\000o\000n\000c\000l\000u\000s\000i\000o\000n}{chapter.3}% 59
\BOOKMARK [0][-]{chapter*.48}{\376\377\000C\000o\000n\000c\000l\000u\000s\000i\000o\000n\000\040\000G\000\351\000n\000\351\000r\000a\000l\000e\000\040\000e\000t\000\040\000P\000e\000r\000s\000p\000e\000c\000t\000i\000v\000e\000s}{}% 60
\BOOKMARK [0][-]{chapter*.49}{\376\377\000R\000\351\000f\000\351\000r\000e\000n\000c\000e\000s\000\040\000e\000t\000\040\000W\000e\000b\000o\000g\000r\000a\000p\000h\000i\000e}{}% 61
\BOOKMARK [0][-]{chapter*.50}{\376\377\000A\000n\000n\000e\000x\000e\000s}{}% 62
